{"/Users/lawliang/repos/Codesmith/Operation-Reinforcement/src/demo.ts": {"path":"/Users/lawliang/repos/Codesmith/Operation-Reinforcement/src/demo.ts","statementMap":{"0":{"start":{"line":1,"column":0},"end":{"line":7,"column":null}},"1":{"start":{"line":4,"column":4},"end":{"line":4,"column":17}}},"fnMap":{"0":{"name":"(anonymous_0)","decl":{"start":{"line":3,"column":7},"end":{"line":3,"column":16}},"loc":{"start":{"line":3,"column":36},"end":{"line":5,"column":3}}}},"branchMap":{},"s":{"0":1,"1":1},"f":{"0":1},"b":{}}
}
